<?xml version="1.0" encoding="UTF-8"?>
<testsuite xmlns:xsi="http://www.w3.org/2001/XMLSchema-instance" xsi:noNamespaceSchemaLocation="https://maven.apache.org/surefire/maven-surefire-plugin/xsd/surefire-test-report-3.0.xsd" version="3.0" name="zemberek.morphology.ambiguity.AmbiguityResolutionTests" time="1.299" tests="2" errors="0" skipped="0" failures="0">
  <properties>
    <property name="java.specification.version" value="22"/>
    <property name="sun.jnu.encoding" value="UTF-8"/>
    <property name="java.class.path" value="/Users/s.das.5/search_projects/zemeberek-nlp/morphology/target/test-classes:/Users/s.das.5/search_projects/zemeberek-nlp/morphology/target/classes:/Users/s.das.5/search_projects/zemeberek-nlp/core/target/zemberek-core-0.17.1.jar:/Users/s.das.5/search_projects/zemeberek-nlp/tokenization/target/zemberek-tokenization-0.17.1.jar:/Users/s.das.5/.m2/repository/org/antlr/antlr4-runtime/4.7/antlr4-runtime-4.7.jar:/Users/s.das.5/search_projects/zemeberek-nlp/lm/target/zemberek-lm-0.17.1.jar:/Users/s.das.5/search_projects/zemeberek-nlp/lang-id/target/zemberek-lang-id-0.17.1.jar:/Users/s.das.5/.m2/repository/com/github/ben-manes/caffeine/caffeine/2.6.2/caffeine-2.6.2.jar:/Users/s.das.5/.m2/repository/com/google/protobuf/protobuf-java/3.17.3/protobuf-java-3.17.3.jar:/Users/s.das.5/.m2/repository/com/google/guava/guava/25.1-jre/guava-25.1-jre.jar:/Users/s.das.5/.m2/repository/com/google/code/findbugs/jsr305/3.0.2/jsr305-3.0.2.jar:/Users/s.das.5/.m2/repository/org/checkerframework/checker-qual/2.0.0/checker-qual-2.0.0.jar:/Users/s.das.5/.m2/repository/com/google/errorprone/error_prone_annotations/2.1.3/error_prone_annotations-2.1.3.jar:/Users/s.das.5/.m2/repository/com/google/j2objc/j2objc-annotations/1.1/j2objc-annotations-1.1.jar:/Users/s.das.5/.m2/repository/org/codehaus/mojo/animal-sniffer-annotations/1.14/animal-sniffer-annotations-1.14.jar:/Users/s.das.5/.m2/repository/junit/junit/4.13.1/junit-4.13.1.jar:/Users/s.das.5/.m2/repository/org/hamcrest/hamcrest-core/1.3/hamcrest-core-1.3.jar:/Users/s.das.5/.m2/repository/org/hamcrest/hamcrest-all/1.3/hamcrest-all-1.3.jar:/Users/s.das.5/.m2/repository/org/mockito/mockito-all/1.9.0/mockito-all-1.9.0.jar:/Users/s.das.5/.m2/repository/org/apache/opennlp/opennlp-tools/1.7.0/opennlp-tools-1.7.0.jar:"/>
    <property name="java.vm.vendor" value="Oracle Corporation"/>
    <property name="sun.arch.data.model" value="64"/>
    <property name="java.vendor.url" value="https://java.oracle.com/"/>
    <property name="user.timezone" value="Europe/Berlin"/>
    <property name="os.name" value="Mac OS X"/>
    <property name="java.vm.specification.version" value="22"/>
    <property name="sun.java.launcher" value="SUN_STANDARD"/>
    <property name="user.country" value="US"/>
    <property name="sun.boot.library.path" value="/Library/Java/JavaVirtualMachines/jdk-22.jdk/Contents/Home/lib"/>
    <property name="sun.java.command" value="/Users/s.das.5/search_projects/zemeberek-nlp/morphology/target/surefire/surefirebooter-20241027183330889_21.jar /Users/s.das.5/search_projects/zemeberek-nlp/morphology/target/surefire 2024-10-27T18-33-25_285-jvmRun1 surefire-20241027183330889_19tmp surefire_3-20241027183330889_20tmp"/>
    <property name="jdk.debug" value="release"/>
    <property name="surefire.test.class.path" value="/Users/s.das.5/search_projects/zemeberek-nlp/morphology/target/test-classes:/Users/s.das.5/search_projects/zemeberek-nlp/morphology/target/classes:/Users/s.das.5/search_projects/zemeberek-nlp/core/target/zemberek-core-0.17.1.jar:/Users/s.das.5/search_projects/zemeberek-nlp/tokenization/target/zemberek-tokenization-0.17.1.jar:/Users/s.das.5/.m2/repository/org/antlr/antlr4-runtime/4.7/antlr4-runtime-4.7.jar:/Users/s.das.5/search_projects/zemeberek-nlp/lm/target/zemberek-lm-0.17.1.jar:/Users/s.das.5/search_projects/zemeberek-nlp/lang-id/target/zemberek-lang-id-0.17.1.jar:/Users/s.das.5/.m2/repository/com/github/ben-manes/caffeine/caffeine/2.6.2/caffeine-2.6.2.jar:/Users/s.das.5/.m2/repository/com/google/protobuf/protobuf-java/3.17.3/protobuf-java-3.17.3.jar:/Users/s.das.5/.m2/repository/com/google/guava/guava/25.1-jre/guava-25.1-jre.jar:/Users/s.das.5/.m2/repository/com/google/code/findbugs/jsr305/3.0.2/jsr305-3.0.2.jar:/Users/s.das.5/.m2/repository/org/checkerframework/checker-qual/2.0.0/checker-qual-2.0.0.jar:/Users/s.das.5/.m2/repository/com/google/errorprone/error_prone_annotations/2.1.3/error_prone_annotations-2.1.3.jar:/Users/s.das.5/.m2/repository/com/google/j2objc/j2objc-annotations/1.1/j2objc-annotations-1.1.jar:/Users/s.das.5/.m2/repository/org/codehaus/mojo/animal-sniffer-annotations/1.14/animal-sniffer-annotations-1.14.jar:/Users/s.das.5/.m2/repository/junit/junit/4.13.1/junit-4.13.1.jar:/Users/s.das.5/.m2/repository/org/hamcrest/hamcrest-core/1.3/hamcrest-core-1.3.jar:/Users/s.das.5/.m2/repository/org/hamcrest/hamcrest-all/1.3/hamcrest-all-1.3.jar:/Users/s.das.5/.m2/repository/org/mockito/mockito-all/1.9.0/mockito-all-1.9.0.jar:/Users/s.das.5/.m2/repository/org/apache/opennlp/opennlp-tools/1.7.0/opennlp-tools-1.7.0.jar:"/>
    <property name="sun.cpu.endian" value="little"/>
    <property name="user.home" value="/Users/s.das.5"/>
    <property name="user.language" value="en"/>
    <property name="java.specification.vendor" value="Oracle Corporation"/>
    <property name="java.version.date" value="2024-03-19"/>
    <property name="java.home" value="/Library/Java/JavaVirtualMachines/jdk-22.jdk/Contents/Home"/>
    <property name="file.separator" value="/"/>
    <property name="basedir" value="/Users/s.das.5/search_projects/zemeberek-nlp/morphology"/>
    <property name="java.vm.compressedOopsMode" value="Zero based"/>
    <property name="line.separator" value="&#10;"/>
    <property name="java.specification.name" value="Java Platform API Specification"/>
    <property name="java.vm.specification.vendor" value="Oracle Corporation"/>
    <property name="apple.awt.application.name" value="ForkedBooter"/>
    <property name="surefire.real.class.path" value="/Users/s.das.5/search_projects/zemeberek-nlp/morphology/target/surefire/surefirebooter-20241027183330889_21.jar"/>
    <property name="sun.management.compiler" value="HotSpot 64-Bit Tiered Compilers"/>
    <property name="java.runtime.version" value="22+36-2370"/>
    <property name="user.name" value="s.das.5"/>
    <property name="stdout.encoding" value="UTF-8"/>
    <property name="path.separator" value=":"/>
    <property name="os.version" value="14.6.1"/>
    <property name="java.runtime.name" value="Java(TM) SE Runtime Environment"/>
    <property name="file.encoding" value="UTF-8"/>
    <property name="java.vm.name" value="Java HotSpot(TM) 64-Bit Server VM"/>
    <property name="localRepository" value="/Users/s.das.5/.m2/repository"/>
    <property name="java.vendor.url.bug" value="https://bugreport.java.com/bugreport/"/>
    <property name="java.io.tmpdir" value="/var/folders/4r/gp52d3ws10gc954pglwkzkpwl1yrm9/T/"/>
    <property name="idea.version" value="2024.2.3"/>
    <property name="java.version" value="22"/>
    <property name="user.dir" value="/Users/s.das.5/search_projects/zemeberek-nlp/morphology"/>
    <property name="os.arch" value="aarch64"/>
    <property name="java.vm.specification.name" value="Java Virtual Machine Specification"/>
    <property name="native.encoding" value="UTF-8"/>
    <property name="java.library.path" value="/Users/s.das.5/Library/Java/Extensions:/Library/Java/Extensions:/Network/Library/Java/Extensions:/System/Library/Java/Extensions:/usr/lib/java:."/>
    <property name="java.vm.info" value="mixed mode, sharing"/>
    <property name="stderr.encoding" value="UTF-8"/>
    <property name="java.vendor" value="Oracle Corporation"/>
    <property name="java.vm.version" value="22+36-2370"/>
    <property name="sun.io.unicode.encoding" value="UnicodeBig"/>
    <property name="java.class.version" value="66.0"/>
  </properties>
  <testcase name="issue157ShouldNotThrowNPE" classname="zemberek.morphology.ambiguity.AmbiguityResolutionTests" time="0.164">
    <system-out><![CDATA[Yıldız = [yıldız:Noun] yıldız:Noun+A3sg
Kızlar = [kız:Noun] kız:Noun+lar:A3pl
Dünya = [dünya:Noun] dünya:Noun+A3sg
Şampiyonası = [şampiyona:Noun] şampiyona:Noun+A3sg+sı:P3sg
FIVB'nin = [FIVB:Noun,Abbrv] fıvb:Noun+A3sg+nin:Gen
düzenlediği = [düzenlemek:Verb] düzenle:Verb|diğ:PastPart→Noun+A3sg+i:P3sg
ve = [ve:Conj] ve:Conj
18 = [18:Num,Card] 18:Num
yaşının = [yaş:Noun] yaş:Noun+A3sg+ı:P3sg+nın:Gen
altındaki = [alt:Noun] alt:Noun+A3sg+ı:P3sg+nda:Loc|ki:Rel→Adj
voleybolcuların = [voleybol:Noun] voleybol:Noun+A3sg|cu:Agt→Noun+lar:A3pl+ın:P2sg
katılabildiği = [katılmak:Verb] katıl:Verb|abil:Able→Verb|diğ:PastPart→Adj+i:P3sg
bir = [bir:Det] bir:Det
şampiyonadır = [şampiyon:Noun] şampiyon:Noun+A3sg+a:Dat|Zero→Verb+Pres+A3sg+dır:Cop
. = [.:Punc] .:Punc
]]></system-out>
    <system-err><![CDATA[I|18:33:32.623|Dictionary generated in 89 ms                                                                       | RootLexicon#defaultBinaryLexicon
I|18:33:32.687|Initialized in 152 ms.                                                                              | TurkishMorphology#createWithDefaults
]]></system-err>
  </testcase>
  <testcase name="shouldNotThrowException" classname="zemberek.morphology.ambiguity.AmbiguityResolutionTests" time="1.135">
    <system-err><![CDATA[I|18:33:32.756|Initialized in 42 ms.                                                                               | TurkishMorphology#createWithDefaults
]]></system-err>
  </testcase>
</testsuite>