<?xml version="1.0" encoding="UTF-8"?>
<testsuite xmlns:xsi="http://www.w3.org/2001/XMLSchema-instance" xsi:noNamespaceSchemaLocation="https://maven.apache.org/surefire/maven-surefire-plugin/xsd/surefire-test-report-3.0.xsd" version="3.0" name="zemberek.tokenization.SpanTest" time="0.024" tests="6" errors="0" skipped="0" failures="0">
  <properties>
    <property name="java.specification.version" value="22"/>
    <property name="sun.jnu.encoding" value="UTF-8"/>
    <property name="java.class.path" value="/Users/s.das.5/search_projects/zemeberek-nlp/tokenization/target/test-classes:/Users/s.das.5/search_projects/zemeberek-nlp/tokenization/target/classes:/Users/s.das.5/search_projects/zemeberek-nlp/core/target/zemberek-core-0.17.1.jar:/Users/s.das.5/.m2/repository/org/antlr/antlr4-runtime/4.7/antlr4-runtime-4.7.jar:/Users/s.das.5/.m2/repository/com/google/guava/guava/25.1-jre/guava-25.1-jre.jar:/Users/s.das.5/.m2/repository/com/google/code/findbugs/jsr305/3.0.2/jsr305-3.0.2.jar:/Users/s.das.5/.m2/repository/org/checkerframework/checker-qual/2.0.0/checker-qual-2.0.0.jar:/Users/s.das.5/.m2/repository/com/google/errorprone/error_prone_annotations/2.1.3/error_prone_annotations-2.1.3.jar:/Users/s.das.5/.m2/repository/com/google/j2objc/j2objc-annotations/1.1/j2objc-annotations-1.1.jar:/Users/s.das.5/.m2/repository/org/codehaus/mojo/animal-sniffer-annotations/1.14/animal-sniffer-annotations-1.14.jar:/Users/s.das.5/.m2/repository/junit/junit/4.13.1/junit-4.13.1.jar:/Users/s.das.5/.m2/repository/org/hamcrest/hamcrest-core/1.3/hamcrest-core-1.3.jar:/Users/s.das.5/.m2/repository/org/hamcrest/hamcrest-all/1.3/hamcrest-all-1.3.jar:/Users/s.das.5/.m2/repository/org/mockito/mockito-all/1.9.0/mockito-all-1.9.0.jar:/Users/s.das.5/.m2/repository/org/apache/opennlp/opennlp-tools/1.7.0/opennlp-tools-1.7.0.jar:"/>
    <property name="java.vm.vendor" value="Oracle Corporation"/>
    <property name="sun.arch.data.model" value="64"/>
    <property name="java.vendor.url" value="https://java.oracle.com/"/>
    <property name="os.name" value="Mac OS X"/>
    <property name="java.vm.specification.version" value="22"/>
    <property name="sun.java.launcher" value="SUN_STANDARD"/>
    <property name="user.country" value="US"/>
    <property name="sun.boot.library.path" value="/Library/Java/JavaVirtualMachines/jdk-22.jdk/Contents/Home/lib"/>
    <property name="sun.java.command" value="/Users/s.das.5/search_projects/zemeberek-nlp/tokenization/target/surefire/surefirebooter-20241027183328962_15.jar /Users/s.das.5/search_projects/zemeberek-nlp/tokenization/target/surefire 2024-10-27T18-33-25_285-jvmRun1 surefire-20241027183328962_13tmp surefire_1-20241027183328962_14tmp"/>
    <property name="jdk.debug" value="release"/>
    <property name="surefire.test.class.path" value="/Users/s.das.5/search_projects/zemeberek-nlp/tokenization/target/test-classes:/Users/s.das.5/search_projects/zemeberek-nlp/tokenization/target/classes:/Users/s.das.5/search_projects/zemeberek-nlp/core/target/zemberek-core-0.17.1.jar:/Users/s.das.5/.m2/repository/org/antlr/antlr4-runtime/4.7/antlr4-runtime-4.7.jar:/Users/s.das.5/.m2/repository/com/google/guava/guava/25.1-jre/guava-25.1-jre.jar:/Users/s.das.5/.m2/repository/com/google/code/findbugs/jsr305/3.0.2/jsr305-3.0.2.jar:/Users/s.das.5/.m2/repository/org/checkerframework/checker-qual/2.0.0/checker-qual-2.0.0.jar:/Users/s.das.5/.m2/repository/com/google/errorprone/error_prone_annotations/2.1.3/error_prone_annotations-2.1.3.jar:/Users/s.das.5/.m2/repository/com/google/j2objc/j2objc-annotations/1.1/j2objc-annotations-1.1.jar:/Users/s.das.5/.m2/repository/org/codehaus/mojo/animal-sniffer-annotations/1.14/animal-sniffer-annotations-1.14.jar:/Users/s.das.5/.m2/repository/junit/junit/4.13.1/junit-4.13.1.jar:/Users/s.das.5/.m2/repository/org/hamcrest/hamcrest-core/1.3/hamcrest-core-1.3.jar:/Users/s.das.5/.m2/repository/org/hamcrest/hamcrest-all/1.3/hamcrest-all-1.3.jar:/Users/s.das.5/.m2/repository/org/mockito/mockito-all/1.9.0/mockito-all-1.9.0.jar:/Users/s.das.5/.m2/repository/org/apache/opennlp/opennlp-tools/1.7.0/opennlp-tools-1.7.0.jar:"/>
    <property name="sun.cpu.endian" value="little"/>
    <property name="user.home" value="/Users/s.das.5"/>
    <property name="user.language" value="en"/>
    <property name="java.specification.vendor" value="Oracle Corporation"/>
    <property name="java.version.date" value="2024-03-19"/>
    <property name="java.home" value="/Library/Java/JavaVirtualMachines/jdk-22.jdk/Contents/Home"/>
    <property name="file.separator" value="/"/>
    <property name="basedir" value="/Users/s.das.5/search_projects/zemeberek-nlp/tokenization"/>
    <property name="java.vm.compressedOopsMode" value="Zero based"/>
    <property name="line.separator" value="&#10;"/>
    <property name="java.specification.name" value="Java Platform API Specification"/>
    <property name="java.vm.specification.vendor" value="Oracle Corporation"/>
    <property name="apple.awt.application.name" value="ForkedBooter"/>
    <property name="surefire.real.class.path" value="/Users/s.das.5/search_projects/zemeberek-nlp/tokenization/target/surefire/surefirebooter-20241027183328962_15.jar"/>
    <property name="sun.management.compiler" value="HotSpot 64-Bit Tiered Compilers"/>
    <property name="java.runtime.version" value="22+36-2370"/>
    <property name="user.name" value="s.das.5"/>
    <property name="stdout.encoding" value="UTF-8"/>
    <property name="path.separator" value=":"/>
    <property name="os.version" value="14.6.1"/>
    <property name="java.runtime.name" value="Java(TM) SE Runtime Environment"/>
    <property name="file.encoding" value="UTF-8"/>
    <property name="java.vm.name" value="Java HotSpot(TM) 64-Bit Server VM"/>
    <property name="localRepository" value="/Users/s.das.5/.m2/repository"/>
    <property name="java.vendor.url.bug" value="https://bugreport.java.com/bugreport/"/>
    <property name="java.io.tmpdir" value="/var/folders/4r/gp52d3ws10gc954pglwkzkpwl1yrm9/T/"/>
    <property name="idea.version" value="2024.2.3"/>
    <property name="java.version" value="22"/>
    <property name="user.dir" value="/Users/s.das.5/search_projects/zemeberek-nlp/tokenization"/>
    <property name="os.arch" value="aarch64"/>
    <property name="java.vm.specification.name" value="Java Virtual Machine Specification"/>
    <property name="native.encoding" value="UTF-8"/>
    <property name="java.library.path" value="/Users/s.das.5/Library/Java/Extensions:/Library/Java/Extensions:/Network/Library/Java/Extensions:/System/Library/Java/Extensions:/usr/lib/java:."/>
    <property name="java.vm.info" value="mixed mode, sharing"/>
    <property name="stderr.encoding" value="UTF-8"/>
    <property name="java.vendor" value="Oracle Corporation"/>
    <property name="java.vm.version" value="22+36-2370"/>
    <property name="sun.io.unicode.encoding" value="UnicodeBig"/>
    <property name="java.class.version" value="66.0"/>
  </properties>
  <testcase name="badInitialization1" classname="zemberek.tokenization.SpanTest" time="0.005"/>
  <testcase name="badInitialization2" classname="zemberek.tokenization.SpanTest" time="0.001"/>
  <testcase name="badInitialization3" classname="zemberek.tokenization.SpanTest" time="0.0"/>
  <testcase name="lengthTest" classname="zemberek.tokenization.SpanTest" time="0.0"/>
  <testcase name="substringTest" classname="zemberek.tokenization.SpanTest" time="0.0"/>
  <testcase name="shouldNotThrowException" classname="zemberek.tokenization.SpanTest" time="0.0"/>
</testsuite>