<?xml version="1.0" encoding="UTF-8"?>
<testsuite xmlns:xsi="http://www.w3.org/2001/XMLSchema-instance" xsi:noNamespaceSchemaLocation="https://maven.apache.org/surefire/maven-surefire-plugin/xsd/surefire-test-report-3.0.xsd" version="3.0" name="zemberek.apps.lm.CompressLmTest" time="0.108" tests="1" errors="0" skipped="0" failures="0">
  <properties>
    <property name="java.specification.version" value="22"/>
    <property name="sun.jnu.encoding" value="UTF-8"/>
    <property name="java.class.path" value="/Users/s.das.5/search_projects/zemeberek-nlp/apps/target/test-classes:/Users/s.das.5/search_projects/zemeberek-nlp/apps/target/classes:/Users/s.das.5/.m2/repository/com/beust/jcommander/1.72/jcommander-1.72.jar:/Users/s.das.5/search_projects/zemeberek-nlp/core/target/zemberek-core-0.17.1.jar:/Users/s.das.5/search_projects/zemeberek-nlp/morphology/target/zemberek-morphology-0.17.1.jar:/Users/s.das.5/.m2/repository/com/github/ben-manes/caffeine/caffeine/2.6.2/caffeine-2.6.2.jar:/Users/s.das.5/.m2/repository/com/google/protobuf/protobuf-java/3.17.3/protobuf-java-3.17.3.jar:/Users/s.das.5/search_projects/zemeberek-nlp/normalization/target/zemberek-normalization-0.17.1.jar:/Users/s.das.5/search_projects/zemeberek-nlp/tokenization/target/zemberek-tokenization-0.17.1.jar:/Users/s.das.5/.m2/repository/org/antlr/antlr4-runtime/4.7/antlr4-runtime-4.7.jar:/Users/s.das.5/search_projects/zemeberek-nlp/lm/target/zemberek-lm-0.17.1.jar:/Users/s.das.5/search_projects/zemeberek-nlp/grpc/target/zemberek-grpc-server-0.3.0.jar:/Users/s.das.5/search_projects/zemeberek-nlp/lang-id/target/zemberek-lang-id-0.17.1.jar:/Users/s.das.5/.m2/repository/io/grpc/grpc-netty-shaded/1.40.1/grpc-netty-shaded-1.40.1.jar:/Users/s.das.5/.m2/repository/io/perfmark/perfmark-api/0.23.0/perfmark-api-0.23.0.jar:/Users/s.das.5/.m2/repository/io/grpc/grpc-core/1.40.1/grpc-core-1.40.1.jar:/Users/s.das.5/.m2/repository/com/google/code/gson/gson/2.8.6/gson-2.8.6.jar:/Users/s.das.5/.m2/repository/com/google/android/annotations/4.1.1.4/annotations-4.1.1.4.jar:/Users/s.das.5/.m2/repository/io/grpc/grpc-protobuf/1.40.1/grpc-protobuf-1.40.1.jar:/Users/s.das.5/.m2/repository/io/grpc/grpc-api/1.40.1/grpc-api-1.40.1.jar:/Users/s.das.5/.m2/repository/io/grpc/grpc-context/1.40.1/grpc-context-1.40.1.jar:/Users/s.das.5/.m2/repository/com/google/api/grpc/proto-google-common-protos/2.0.1/proto-google-common-protos-2.0.1.jar:/Users/s.das.5/.m2/repository/io/grpc/grpc-protobuf-lite/1.40.1/grpc-protobuf-lite-1.40.1.jar:/Users/s.das.5/.m2/repository/io/grpc/grpc-stub/1.40.1/grpc-stub-1.40.1.jar:/Users/s.das.5/.m2/repository/javax/annotation/javax.annotation-api/1.3.2/javax.annotation-api-1.3.2.jar:/Users/s.das.5/search_projects/zemeberek-nlp/ner/target/zemberek-ner-0.17.1.jar:/Users/s.das.5/search_projects/zemeberek-nlp/classification/target/zemberek-classification-0.17.1.jar:/Users/s.das.5/.m2/repository/com/google/guava/guava/25.1-jre/guava-25.1-jre.jar:/Users/s.das.5/.m2/repository/com/google/code/findbugs/jsr305/3.0.2/jsr305-3.0.2.jar:/Users/s.das.5/.m2/repository/org/checkerframework/checker-qual/2.0.0/checker-qual-2.0.0.jar:/Users/s.das.5/.m2/repository/com/google/errorprone/error_prone_annotations/2.1.3/error_prone_annotations-2.1.3.jar:/Users/s.das.5/.m2/repository/com/google/j2objc/j2objc-annotations/1.1/j2objc-annotations-1.1.jar:/Users/s.das.5/.m2/repository/org/codehaus/mojo/animal-sniffer-annotations/1.14/animal-sniffer-annotations-1.14.jar:/Users/s.das.5/.m2/repository/junit/junit/4.13.1/junit-4.13.1.jar:/Users/s.das.5/.m2/repository/org/hamcrest/hamcrest-core/1.3/hamcrest-core-1.3.jar:/Users/s.das.5/.m2/repository/org/hamcrest/hamcrest-all/1.3/hamcrest-all-1.3.jar:/Users/s.das.5/.m2/repository/org/mockito/mockito-all/1.9.0/mockito-all-1.9.0.jar:/Users/s.das.5/.m2/repository/org/apache/opennlp/opennlp-tools/1.7.0/opennlp-tools-1.7.0.jar:"/>
    <property name="java.vm.vendor" value="Oracle Corporation"/>
    <property name="sun.arch.data.model" value="64"/>
    <property name="java.vendor.url" value="https://java.oracle.com/"/>
    <property name="os.name" value="Mac OS X"/>
    <property name="java.vm.specification.version" value="22"/>
    <property name="sun.java.launcher" value="SUN_STANDARD"/>
    <property name="user.country" value="US"/>
    <property name="sun.boot.library.path" value="/Library/Java/JavaVirtualMachines/jdk-22.jdk/Contents/Home/lib"/>
    <property name="sun.java.command" value="/Users/s.das.5/search_projects/zemeberek-nlp/apps/target/surefire/surefirebooter-20241027183337823_53.jar /Users/s.das.5/search_projects/zemeberek-nlp/apps/target/surefire 2024-10-27T18-33-25_285-jvmRun1 surefire-20241027183337823_51tmp surefire_6-20241027183337823_52tmp"/>
    <property name="jdk.debug" value="release"/>
    <property name="surefire.test.class.path" value="/Users/s.das.5/search_projects/zemeberek-nlp/apps/target/test-classes:/Users/s.das.5/search_projects/zemeberek-nlp/apps/target/classes:/Users/s.das.5/.m2/repository/com/beust/jcommander/1.72/jcommander-1.72.jar:/Users/s.das.5/search_projects/zemeberek-nlp/core/target/zemberek-core-0.17.1.jar:/Users/s.das.5/search_projects/zemeberek-nlp/morphology/target/zemberek-morphology-0.17.1.jar:/Users/s.das.5/.m2/repository/com/github/ben-manes/caffeine/caffeine/2.6.2/caffeine-2.6.2.jar:/Users/s.das.5/.m2/repository/com/google/protobuf/protobuf-java/3.17.3/protobuf-java-3.17.3.jar:/Users/s.das.5/search_projects/zemeberek-nlp/normalization/target/zemberek-normalization-0.17.1.jar:/Users/s.das.5/search_projects/zemeberek-nlp/tokenization/target/zemberek-tokenization-0.17.1.jar:/Users/s.das.5/.m2/repository/org/antlr/antlr4-runtime/4.7/antlr4-runtime-4.7.jar:/Users/s.das.5/search_projects/zemeberek-nlp/lm/target/zemberek-lm-0.17.1.jar:/Users/s.das.5/search_projects/zemeberek-nlp/grpc/target/zemberek-grpc-server-0.3.0.jar:/Users/s.das.5/search_projects/zemeberek-nlp/lang-id/target/zemberek-lang-id-0.17.1.jar:/Users/s.das.5/.m2/repository/io/grpc/grpc-netty-shaded/1.40.1/grpc-netty-shaded-1.40.1.jar:/Users/s.das.5/.m2/repository/io/perfmark/perfmark-api/0.23.0/perfmark-api-0.23.0.jar:/Users/s.das.5/.m2/repository/io/grpc/grpc-core/1.40.1/grpc-core-1.40.1.jar:/Users/s.das.5/.m2/repository/com/google/code/gson/gson/2.8.6/gson-2.8.6.jar:/Users/s.das.5/.m2/repository/com/google/android/annotations/4.1.1.4/annotations-4.1.1.4.jar:/Users/s.das.5/.m2/repository/io/grpc/grpc-protobuf/1.40.1/grpc-protobuf-1.40.1.jar:/Users/s.das.5/.m2/repository/io/grpc/grpc-api/1.40.1/grpc-api-1.40.1.jar:/Users/s.das.5/.m2/repository/io/grpc/grpc-context/1.40.1/grpc-context-1.40.1.jar:/Users/s.das.5/.m2/repository/com/google/api/grpc/proto-google-common-protos/2.0.1/proto-google-common-protos-2.0.1.jar:/Users/s.das.5/.m2/repository/io/grpc/grpc-protobuf-lite/1.40.1/grpc-protobuf-lite-1.40.1.jar:/Users/s.das.5/.m2/repository/io/grpc/grpc-stub/1.40.1/grpc-stub-1.40.1.jar:/Users/s.das.5/.m2/repository/javax/annotation/javax.annotation-api/1.3.2/javax.annotation-api-1.3.2.jar:/Users/s.das.5/search_projects/zemeberek-nlp/ner/target/zemberek-ner-0.17.1.jar:/Users/s.das.5/search_projects/zemeberek-nlp/classification/target/zemberek-classification-0.17.1.jar:/Users/s.das.5/.m2/repository/com/google/guava/guava/25.1-jre/guava-25.1-jre.jar:/Users/s.das.5/.m2/repository/com/google/code/findbugs/jsr305/3.0.2/jsr305-3.0.2.jar:/Users/s.das.5/.m2/repository/org/checkerframework/checker-qual/2.0.0/checker-qual-2.0.0.jar:/Users/s.das.5/.m2/repository/com/google/errorprone/error_prone_annotations/2.1.3/error_prone_annotations-2.1.3.jar:/Users/s.das.5/.m2/repository/com/google/j2objc/j2objc-annotations/1.1/j2objc-annotations-1.1.jar:/Users/s.das.5/.m2/repository/org/codehaus/mojo/animal-sniffer-annotations/1.14/animal-sniffer-annotations-1.14.jar:/Users/s.das.5/.m2/repository/junit/junit/4.13.1/junit-4.13.1.jar:/Users/s.das.5/.m2/repository/org/hamcrest/hamcrest-core/1.3/hamcrest-core-1.3.jar:/Users/s.das.5/.m2/repository/org/hamcrest/hamcrest-all/1.3/hamcrest-all-1.3.jar:/Users/s.das.5/.m2/repository/org/mockito/mockito-all/1.9.0/mockito-all-1.9.0.jar:/Users/s.das.5/.m2/repository/org/apache/opennlp/opennlp-tools/1.7.0/opennlp-tools-1.7.0.jar:"/>
    <property name="sun.cpu.endian" value="little"/>
    <property name="user.home" value="/Users/s.das.5"/>
    <property name="user.language" value="en"/>
    <property name="java.specification.vendor" value="Oracle Corporation"/>
    <property name="java.version.date" value="2024-03-19"/>
    <property name="java.home" value="/Library/Java/JavaVirtualMachines/jdk-22.jdk/Contents/Home"/>
    <property name="file.separator" value="/"/>
    <property name="basedir" value="/Users/s.das.5/search_projects/zemeberek-nlp/apps"/>
    <property name="java.vm.compressedOopsMode" value="Zero based"/>
    <property name="line.separator" value="&#10;"/>
    <property name="java.specification.name" value="Java Platform API Specification"/>
    <property name="java.vm.specification.vendor" value="Oracle Corporation"/>
    <property name="apple.awt.application.name" value="ForkedBooter"/>
    <property name="surefire.real.class.path" value="/Users/s.das.5/search_projects/zemeberek-nlp/apps/target/surefire/surefirebooter-20241027183337823_53.jar"/>
    <property name="sun.management.compiler" value="HotSpot 64-Bit Tiered Compilers"/>
    <property name="java.runtime.version" value="22+36-2370"/>
    <property name="user.name" value="s.das.5"/>
    <property name="stdout.encoding" value="UTF-8"/>
    <property name="path.separator" value=":"/>
    <property name="os.version" value="14.6.1"/>
    <property name="java.runtime.name" value="Java(TM) SE Runtime Environment"/>
    <property name="file.encoding" value="UTF-8"/>
    <property name="java.vm.name" value="Java HotSpot(TM) 64-Bit Server VM"/>
    <property name="localRepository" value="/Users/s.das.5/.m2/repository"/>
    <property name="java.vendor.url.bug" value="https://bugreport.java.com/bugreport/"/>
    <property name="java.io.tmpdir" value="/var/folders/4r/gp52d3ws10gc954pglwkzkpwl1yrm9/T/"/>
    <property name="idea.version" value="2024.2.3"/>
    <property name="java.version" value="22"/>
    <property name="user.dir" value="/Users/s.das.5/search_projects/zemeberek-nlp/apps"/>
    <property name="os.arch" value="aarch64"/>
    <property name="java.vm.specification.name" value="Java Virtual Machine Specification"/>
    <property name="native.encoding" value="UTF-8"/>
    <property name="java.library.path" value="/Users/s.das.5/Library/Java/Extensions:/Library/Java/Extensions:/Network/Library/Java/Extensions:/System/Library/Java/Extensions:/usr/lib/java:."/>
    <property name="java.vm.info" value="mixed mode, sharing"/>
    <property name="stderr.encoding" value="UTF-8"/>
    <property name="java.vendor" value="Oracle Corporation"/>
    <property name="java.vm.version" value="22+36-2370"/>
    <property name="sun.io.unicode.encoding" value="UnicodeBig"/>
    <property name="java.class.version" value="66.0"/>
  </properties>
  <testcase name="testConversion" classname="zemberek.apps.lm.CompressLmTest" time="0.086">
    <system-err><![CDATA[I|18:33:38.013|Arpa file to convert:/var/folders/4r/gp52d3ws10gc954pglwkzkpwl1yrm9/T/tiny14486375727950610732.arpa | CompressLm#run
I|18:33:38.014|Using temporary directory: /var/folders/4r/gp52d3ws10gc954pglwkzkpwl1yrm9/T/1730050418014-0         | CompressLm#run
I|18:33:38.020|Generating multi file uncompressed language model from Arpa file in directory: /var/folders/4r/gp52d3ws10gc954pglwkzkpwl1yrm9/T/1730050418014-0| MultiFileUncompressedLm$ArpaToBinaryConverter#<init>
I|18:33:38.022|Gram counts in Arpa file: 14 33 44                                                                  | MultiFileUncompressedLm$ArpaToBinaryConverter#processLine
I|18:33:38.022|Writing unigrams.                                                                                   | MultiFileUncompressedLm$ArpaToBinaryConverter#processLine
I|18:33:38.024|Writing 2-grams.                                                                                    | MultiFileUncompressedLm$ArpaToBinaryConverter#processLine
I|18:33:38.024|Writing 3-grams.                                                                                    | MultiFileUncompressedLm$ArpaToBinaryConverter#processLine
I|18:33:38.025|Writing model vocabulary.                                                                           | MultiFileUncompressedLm$ArpaToBinaryConverter#processLine
I|18:33:38.026|Multi file uncompressed binary model is generated in 0.005 seconds                                  | MultiFileUncompressedLm#generate
I|18:33:38.026|Generating compressed language model.                                                               | UncompressedToSmoothLmConverter#convert
I|18:33:38.026|Calculating probabilty lookup values for :1 Grams                                                   | MultiFileUncompressedLm#generateRankFiles
I|18:33:38.027|Unique value count:9                                                                                | BinaryFloatFileReader$LookupCalculator#getQuantizer
I|18:33:38.028|Quantizing to 16 bits                                                                               | BinaryFloatFileReader$LookupCalculator#getQuantizer
I|18:33:38.029|Writing Rank file for 1 grams                                                                       | MultiFileUncompressedLm#generateRankFile
I|18:33:38.029|Writing lookups for 1 grams. Size= 9                                                                | MultiFileUncompressedLm#generateRankFile
I|18:33:38.029|Calculating lookup values for 1 Grams                                                               | MultiFileUncompressedLm#generateRankFiles
I|18:33:38.030|Unique value count:11                                                                               | BinaryFloatFileReader$LookupCalculator#getQuantizer
I|18:33:38.031|Quantizing to 16 bits                                                                               | BinaryFloatFileReader$LookupCalculator#getQuantizer
I|18:33:38.031|Writing Rank file for 1 grams                                                                       | MultiFileUncompressedLm#generateRankFile
I|18:33:38.031|Writing lookups for 1 grams. Size= 11                                                               | MultiFileUncompressedLm#generateRankFile
I|18:33:38.031|Calculating probabilty lookup values for :2 Grams                                                   | MultiFileUncompressedLm#generateRankFiles
I|18:33:38.031|Unique value count:17                                                                               | BinaryFloatFileReader$LookupCalculator#getQuantizer
I|18:33:38.032|Quantizing to 16 bits                                                                               | BinaryFloatFileReader$LookupCalculator#getQuantizer
I|18:33:38.032|Writing Rank file for 2 grams                                                                       | MultiFileUncompressedLm#generateRankFile
I|18:33:38.032|Writing lookups for 2 grams. Size= 17                                                               | MultiFileUncompressedLm#generateRankFile
I|18:33:38.032|Calculating lookup values for 2 Grams                                                               | MultiFileUncompressedLm#generateRankFiles
I|18:33:38.034|Unique value count:7                                                                                | BinaryFloatFileReader$LookupCalculator#getQuantizer
I|18:33:38.034|Quantizing to 16 bits                                                                               | BinaryFloatFileReader$LookupCalculator#getQuantizer
I|18:33:38.034|Writing Rank file for 2 grams                                                                       | MultiFileUncompressedLm#generateRankFile
I|18:33:38.034|Writing lookups for 2 grams. Size= 7                                                                | MultiFileUncompressedLm#generateRankFile
I|18:33:38.035|Calculating probabilty lookup values for :3 Grams                                                   | MultiFileUncompressedLm#generateRankFiles
I|18:33:38.035|Unique value count:11                                                                               | BinaryFloatFileReader$LookupCalculator#getQuantizer
I|18:33:38.035|Quantizing to 16 bits                                                                               | BinaryFloatFileReader$LookupCalculator#getQuantizer
I|18:33:38.035|Writing Rank file for 3 grams                                                                       | MultiFileUncompressedLm#generateRankFile
I|18:33:38.035|Writing lookups for 3 grams. Size= 11                                                               | MultiFileUncompressedLm#generateRankFile
I|18:33:38.036|Gram count: 33                                                                                      | LargeNgramMphf#generate
I|18:33:38.036|Segment count: 1                                                                                    | LargeNgramMphf#generate
I|18:33:38.036|Average segment size: 64                                                                            | LargeNgramMphf#generate
I|18:33:38.036|Segmenting File...                                                                                  | LargeNgramMphf#generate
I|18:33:38.037|MPHF is generated for segment 0 with 33 keys. Average bits per key: 8.727                           | LargeNgramMphf#generate
I|18:33:38.038|MPHF is generated for order 2 with 33 keys. Average bits per key: 8.727                             | UncompressedToSmoothLmConverter#convert
I|18:33:38.038|Gram count: 44                                                                                      | LargeNgramMphf#generate
I|18:33:38.038|Segment count: 1                                                                                    | LargeNgramMphf#generate
I|18:33:38.038|Average segment size: 64                                                                            | LargeNgramMphf#generate
I|18:33:38.038|Segmenting File...                                                                                  | LargeNgramMphf#generate
I|18:33:38.039|MPHF is generated for segment 0 with 44 keys. Average bits per key: 11.636                          | LargeNgramMphf#generate
I|18:33:38.039|MPHF is generated for order 3 with 44 keys. Average bits per key: 11.636                            | UncompressedToSmoothLmConverter#convert
I|18:33:38.039|Writing header                                                                                      | UncompressedToSmoothLmConverter#convert
I|18:33:38.039|Reordering probability data and saving it together with n-gram fingerprints                         | UncompressedToSmoothLmConverter#convert
I|18:33:38.040|Validating reordered index array for order: 1                                                       | UncompressedToSmoothLmConverter#convert
I|18:33:38.041|Validating reordered index array for order: 2                                                       | UncompressedToSmoothLmConverter#convert
I|18:33:38.042|Validating reordered index array for order: 3                                                       | UncompressedToSmoothLmConverter#convert
I|18:33:38.042|Saving MPHF values.                                                                                 | UncompressedToSmoothLmConverter#convert
I|18:33:38.042|Saving vocabulary.                                                                                  | UncompressedToSmoothLmConverter#convert
]]></system-err>
  </testcase>
</testsuite>